Using pre-set license
Built from '2022.3/staging' branch; Version is '2022.3.16f1 (d2c21f0ef2f1) revision 13812255'; Using compiler version '192829333'; Build Type 'Release'
OS: 'Windows 10  (10.0.19045) 64bit Enterprise' Language: 'en' Physical Memory: 32489 MB
BatchMode: 1, IsHumanControllingUs: 0, StartBugReporterOnCrash: 0, Is64bit: 1, IsPro: 1

COMMAND LINE ARGUMENTS:
C:\Program Files\Unity 2022.3.16f1\Editor\Unity.exe
-adb2
-batchMode
-noUpm
-name
AssetImportWorker9
-projectPath
C:/Users/aconn008/G395_u/Seaweed-Farming/Seaweed Farming
-logFile
Logs/AssetImportWorker9.log
-srvPort
52001
Successfully changed project path to: C:/Users/aconn008/G395_u/Seaweed-Farming/Seaweed Farming
C:/Users/aconn008/G395_u/Seaweed-Farming/Seaweed Farming
[UnityMemory] Configuration Parameters - Can be set up in boot.config
    "memorysetup-bucket-allocator-granularity=16"
    "memorysetup-bucket-allocator-bucket-count=8"
    "memorysetup-bucket-allocator-block-size=33554432"
    "memorysetup-bucket-allocator-block-count=8"
    "memorysetup-main-allocator-block-size=16777216"
    "memorysetup-thread-allocator-block-size=16777216"
    "memorysetup-gfx-main-allocator-block-size=16777216"
    "memorysetup-gfx-thread-allocator-block-size=16777216"
    "memorysetup-cache-allocator-block-size=4194304"
    "memorysetup-typetree-allocator-block-size=2097152"
    "memorysetup-profiler-bucket-allocator-granularity=16"
    "memorysetup-profiler-bucket-allocator-bucket-count=8"
    "memorysetup-profiler-bucket-allocator-block-size=33554432"
    "memorysetup-profiler-bucket-allocator-block-count=8"
    "memorysetup-profiler-allocator-block-size=16777216"
    "memorysetup-profiler-editor-allocator-block-size=1048576"
    "memorysetup-temp-allocator-size-main=16777216"
    "memorysetup-job-temp-allocator-block-size=2097152"
    "memorysetup-job-temp-allocator-block-size-background=1048576"
    "memorysetup-job-temp-allocator-reduction-small-platforms=262144"
    "memorysetup-allocator-temp-initial-block-size-main=262144"
    "memorysetup-allocator-temp-initial-block-size-worker=262144"
    "memorysetup-temp-allocator-size-background-worker=32768"
    "memorysetup-temp-allocator-size-job-worker=262144"
    "memorysetup-temp-allocator-size-preload-manager=33554432"
    "memorysetup-temp-allocator-size-nav-mesh-worker=65536"
    "memorysetup-temp-allocator-size-audio-worker=65536"
    "memorysetup-temp-allocator-size-cloud-worker=32768"
    "memorysetup-temp-allocator-size-gi-baking-worker=262144"
    "memorysetup-temp-allocator-size-gfx=262144"
Player connection [5304] Host "[IP] 192.168.167.127 [Port] 0 [Flags] 2 [Guid] 4036923184 [EditorId] 4036923184 [Version] 1048832 [Id] WindowsEditor(7,ODU-130702) [Debug] 1 [PackageName] WindowsEditor [ProjectName] Editor" joined multi-casting on [225.0.0.222:54997]...

Player connection [5304] Host "[IP] 192.168.167.127 [Port] 0 [Flags] 2 [Guid] 4036923184 [EditorId] 4036923184 [Version] 1048832 [Id] WindowsEditor(7,ODU-130702) [Debug] 1 [PackageName] WindowsEditor [ProjectName] Editor" joined alternative multi-casting on [225.0.0.222:34997]...

[Physics::Module] Initialized MultithreadedJobDispatcher with 15 workers.
Refreshing native plugins compatible for Editor in 16.02 ms, found 12 plugins.
Preloading 1 native plugins for Editor in 0.41 ms.
Initialize engine version: 2022.3.16f1 (d2c21f0ef2f1)
[Subsystems] Discovering subsystems at path C:/Program Files/Unity 2022.3.16f1/Editor/Data/Resources/UnitySubsystems
[Subsystems] Discovering subsystems at path C:/Users/aconn008/G395_u/Seaweed-Farming/Seaweed Farming/Assets
GfxDevice: creating device client; threaded=0; jobified=0
Direct3D:
    Version:  Direct3D 11.0 [level 11.1]
    Renderer: AMD Radeon Pro W5500 (ID=0x7341)
    Vendor:   ATI
    VRAM:     8151 MB
    Driver:   31.0.12016.9
Initialize mono
Mono path[0] = 'C:/Program Files/Unity 2022.3.16f1/Editor/Data/Managed'
Mono path[1] = 'C:/Program Files/Unity 2022.3.16f1/Editor/Data/MonoBleedingEdge/lib/mono/unityjit-win32'
Mono config path = 'C:/Program Files/Unity 2022.3.16f1/Editor/Data/MonoBleedingEdge/etc'
Using monoOptions --debugger-agent=transport=dt_socket,embedding=1,server=y,suspend=n,address=127.0.0.1:56796
Begin MonoManager ReloadAssembly
Registering precompiled unity dll's ...
Register platform support module: C:/Program Files/Unity 2022.3.16f1/Editor/Data/PlaybackEngines/WindowsStandaloneSupport/UnityEditor.WindowsStandalone.Extensions.dll
Registered in 0.004213 seconds.
- Loaded All Assemblies, in  0.228 seconds
Native extension for WindowsStandalone target not found
Mono: successfully reloaded assembly
- Finished resetting the current domain, in  0.185 seconds
Domain Reload Profiling: 412ms
	BeginReloadAssembly (74ms)
		ExecutionOrderSort (0ms)
		DisableScriptedObjects (0ms)
		BackupInstance (0ms)
		ReleaseScriptingObjects (0ms)
		CreateAndSetChildDomain (1ms)
	RebuildCommonClasses (23ms)
	RebuildNativeTypeToScriptingClass (7ms)
	initialDomainReloadingComplete (37ms)
	LoadAllAssembliesAndSetupDomain (86ms)
		LoadAssemblies (73ms)
		RebuildTransferFunctionScriptingTraits (0ms)
		AnalyzeDomain (85ms)
			TypeCache.Refresh (84ms)
				TypeCache.ScanAssembly (75ms)
			ScanForSourceGeneratedMonoScriptInfo (0ms)
			ResolveRequiredComponents (0ms)
	FinalizeReload (185ms)
		ReleaseScriptCaches (0ms)
		RebuildScriptCaches (0ms)
		SetupLoadedEditorAssemblies (143ms)
			LogAssemblyErrors (0ms)
			InitializePlatformSupportModulesInManaged (6ms)
			SetLoadedEditorAssemblies (6ms)
			RefreshPlugins (0ms)
			BeforeProcessingInitializeOnLoad (1ms)
			ProcessInitializeOnLoadAttributes (99ms)
			ProcessInitializeOnLoadMethodAttributes (31ms)
			AfterProcessingInitializeOnLoad (0ms)
			EditorAssembliesLoaded (0ms)
		ExecutionOrderSort2 (0ms)
		AwakeInstancesAfterBackupRestoration (0ms)
========================================================================
Worker process is ready to serve import requests
Begin MonoManager ReloadAssembly
- Loaded All Assemblies, in  0.460 seconds
Refreshing native plugins compatible for Editor in 10.71 ms, found 12 plugins.
Native extension for WindowsStandalone target not found
Package Manager log level set to [2]
[Package Manager] Server::EnsureServerProcessIsRunning -- launch failed, reason: Unity was launched with the -noUpm command-line argument
[Package Manager] UpmClient::Send -- Unable to send message (not connected to UPM process).
[Package Manager] Cannot connect to Unity Package Manager local server
[Package Manager] Server::EnsureServerProcessIsRunning -- launch failed, reason: Unity was launched with the -noUpm command-line argument
[Package Manager] UpmClient::Send -- Unable to send message (not connected to UPM process).
[Package Manager] Cannot connect to Unity Package Manager local server
System.Reflection.TargetInvocationException: Exception has been thrown by the target of an invocation. ---> System.NullReferenceException: Object reference not set to an instance of an object
  at Unity.XR.Oculus.OculusLoader.AssetPathToAbsolutePath (System.String assetPath) [0x0003d] in .\Library\PackageCache\com.unity.xr.oculus@4.1.2\Runtime\OculusLoader.cs:287 
  at Unity.XR.Oculus.OculusLoader.EditorLoadOVRPlugin () [0x00084] in .\Library\PackageCache\com.unity.xr.oculus@4.1.2\Runtime\OculusLoader.cs:272 
  at (wrapper managed-to-native) System.Reflection.RuntimeMethodInfo.InternalInvoke(System.Reflection.RuntimeMethodInfo,object,object[],System.Exception&)
  at System.Reflection.RuntimeMethodInfo.Invoke (System.Object obj, System.Reflection.BindingFlags invokeAttr, System.Reflection.Binder binder, System.Object[] parameters, System.Globalization.CultureInfo culture) [0x0006a] in <17d9ce77f27a4bd2afb5ba32c9bea976>:0 
   --- End of inner exception stack trace ---
  at System.Reflection.RuntimeMethodInfo.Invoke (System.Object obj, System.Reflection.BindingFlags invokeAttr, System.Reflection.Binder binder, System.Object[] parameters, System.Globalization.CultureInfo culture) [0x00083] in <17d9ce77f27a4bd2afb5ba32c9bea976>:0 
  at System.Reflection.MethodBase.Invoke (System.Object obj, System.Object[] parameters) [0x00000] in <17d9ce77f27a4bd2afb5ba32c9bea976>:0 
  at UnityEditor.EditorAssemblies.ProcessInitializeOnLoadMethodAttributes () [0x000a5] in <78fe3e0b66cf40fc8dbec96aa3584483>:0 
UnityEngine.StackTraceUtility:ExtractStackTrace ()
UnityEngine.DebugLogHandler:LogFormat (UnityEngine.LogType,UnityEngine.Object,string,object[])
UnityEngine.Logger:Log (UnityEngine.LogType,object)
UnityEngine.Debug:LogError (object)
UnityEditor.EditorAssemblies:ProcessInitializeOnLoadMethodAttributes ()

Mono: successfully reloaded assembly
[Package Manager] Server::EnsureServerProcessIsRunning -- launch failed, reason: Unity was launched with the -noUpm command-line argument
[Package Manager] UpmClient::Send -- Unable to send message (not connected to UPM process).
[Package Manager] Cannot connect to Unity Package Manager local server
[Package Manager] Server::EnsureServerProcessIsRunning -- launch failed, reason: Unity was launched with the -noUpm command-line argument
[Package Manager] UpmClient::Send -- Unable to send message (not connected to UPM process).
[Package Manager] Cannot connect to Unity Package Manager local server
- Finished resetting the current domain, in  0.472 seconds
Domain Reload Profiling: 930ms
	BeginReloadAssembly (103ms)
		ExecutionOrderSort (0ms)
		DisableScriptedObjects (4ms)
		BackupInstance (0ms)
		ReleaseScriptingObjects (0ms)
		CreateAndSetChildDomain (16ms)
	RebuildCommonClasses (21ms)
	RebuildNativeTypeToScriptingClass (7ms)
	initialDomainReloadingComplete (27ms)
	LoadAllAssembliesAndSetupDomain (299ms)
		LoadAssemblies (215ms)
		RebuildTransferFunctionScriptingTraits (0ms)
		AnalyzeDomain (143ms)
			TypeCache.Refresh (122ms)
				TypeCache.ScanAssembly (110ms)
			ScanForSourceGeneratedMonoScriptInfo (15ms)
			ResolveRequiredComponents (4ms)
	FinalizeReload (473ms)
		ReleaseScriptCaches (0ms)
		RebuildScriptCaches (0ms)
		SetupLoadedEditorAssemblies (367ms)
			LogAssemblyErrors (0ms)
			InitializePlatformSupportModulesInManaged (4ms)
			SetLoadedEditorAssemblies (3ms)
			RefreshPlugins (0ms)
			BeforeProcessingInitializeOnLoad (56ms)
			ProcessInitializeOnLoadAttributes (262ms)
			ProcessInitializeOnLoadMethodAttributes (38ms)
			AfterProcessingInitializeOnLoad (4ms)
			EditorAssembliesLoaded (0ms)
		ExecutionOrderSort2 (0ms)
		AwakeInstancesAfterBackupRestoration (4ms)
Launched and connected shader compiler UnityShaderCompiler.exe after 0.03 seconds
Refreshing native plugins compatible for Editor in 9.30 ms, found 12 plugins.
Preloading 1 native plugins for Editor in 0.05 ms.
Unloading 4517 Unused Serialized files (Serialized files now loaded: 0)
Unloading 90 unused Assets / (0.8 MB). Loaded Objects now: 4995.
Memory consumption went from 177.7 MB to 176.8 MB.
Total: 3.200300 ms (FindLiveObjects: 0.244900 ms CreateObjectMapping: 0.132900 ms MarkObjects: 2.572700 ms  DeleteObjects: 0.249000 ms)

AssetImportParameters requested are different than current active one (requested -> active):
  custom:container-demuxer-ogg: 62fdf1f143b41e24485cea50d1cbac27 -> 
  custom:video-decoder-ogg-theora: a1e56fd34408186e4bbccfd4996cb3dc -> 
  custom:framework-win-MediaFoundation: 216162199b28c13a410421893ffa2e32 -> 
  custom:CustomObjectIndexerAttribute: 43b350a4d6e6d1791af0b5038c4bea17 -> 
  custom:container-demuxer-webm: 4f35f7cbe854078d1ac9338744f61a02 -> 
  custom:container-muxer-webm: aa71ff27fc2769a1b78a27578f13a17b -> 
  custom:video-decoder-webm-vp8: 9c59270c3fd7afecdb556c50c9e8de78 -> 
  custom:SearchIndexIgnoredProperties: e643bd26f0fe6173181afceb89e7c659 -> 
  custom:AudioImporter_EditorPlatform: d09bf68614088b80899f8185d706f6e7 -> 
  custom:video-encoder-webm-vp8: eb34c28f22e8b96e1ab97ce403110664 -> 
  custom:audio-decoder-ogg-vorbis: bf7c407c2cedff20999df2af8eb42d56 -> 
  custom:audio-encoder-webm-vorbis: bf7c407c2cedff20999df2af8eb42d56 -> 
========================================================================
Received Import Request.
  Time since last request: 1260988.925871 seconds.
  path: Assets/Flooded_Grounds/Prefabs/Nature/Grass/Grass_Med_B.prefab
  artifactKey: Guid(b01dcbaa1e9203542b7c5f29656d346e) Importer(815301076,1909f56bfc062723c751e8b465ee728b)
Start importing Assets/Flooded_Grounds/Prefabs/Nature/Grass/Grass_Med_B.prefab using Guid(b01dcbaa1e9203542b7c5f29656d346e) Importer(815301076,1909f56bfc062723c751e8b465ee728b)  -> (artifact id: '17541d8c8cbb98ba198eaa83fa2f4a6c') in 0.133128 seconds
Number of updated asset objects reloaded before import = 0
Number of asset objects unloaded after import = 10
========================================================================
Received Import Request.
  Time since last request: 5.801221 seconds.
  path: Assets/Proxy Games/Low Poly Free Vegetation Kit/Prefabs/Vegetation/Branch 2.prefab
  artifactKey: Guid(006e392d17557b045b1e173abb80f1e8) Importer(815301076,1909f56bfc062723c751e8b465ee728b)
Start importing Assets/Proxy Games/Low Poly Free Vegetation Kit/Prefabs/Vegetation/Branch 2.prefab using Guid(006e392d17557b045b1e173abb80f1e8) Importer(815301076,1909f56bfc062723c751e8b465ee728b)  -> (artifact id: 'b1508723460d15151cf28d77ea91b818') in 0.024346 seconds
Number of updated asset objects reloaded before import = 0
Number of asset objects unloaded after import = 10
========================================================================
Received Import Request.
  Time since last request: 0.001266 seconds.
  path: Assets/Proxy Games/Low Poly Free Vegetation Kit/Prefabs/Vegetation/Flower 3.prefab
  artifactKey: Guid(f550c80a288252347bddcb7465dc52df) Importer(815301076,1909f56bfc062723c751e8b465ee728b)
Start importing Assets/Proxy Games/Low Poly Free Vegetation Kit/Prefabs/Vegetation/Flower 3.prefab using Guid(f550c80a288252347bddcb7465dc52df) Importer(815301076,1909f56bfc062723c751e8b465ee728b)  -> (artifact id: '04e55137b39f56b32a84638691068aa1') in 0.020470 seconds
Number of updated asset objects reloaded before import = 0
Number of asset objects unloaded after import = 9
========================================================================
Received Import Request.
  Time since last request: 0.000014 seconds.
  path: Assets/Proxy Games/Low Poly Free Vegetation Kit/Prefabs/Vegetation/Mushroom 2.prefab
  artifactKey: Guid(18af26af61ee8234caa44dc89f89d5cf) Importer(815301076,1909f56bfc062723c751e8b465ee728b)
Start importing Assets/Proxy Games/Low Poly Free Vegetation Kit/Prefabs/Vegetation/Mushroom 2.prefab using Guid(18af26af61ee8234caa44dc89f89d5cf) Importer(815301076,1909f56bfc062723c751e8b465ee728b)  -> (artifact id: 'f8c3538ab463dfec9fd788e5294fe766') in 0.016413 seconds
Number of updated asset objects reloaded before import = 0
Number of asset objects unloaded after import = 9
========================================================================
Received Import Request.
  Time since last request: 0.000017 seconds.
  path: Assets/Proxy Games/Low Poly Free Vegetation Kit/Prefabs/Vegetation/Plant 1.prefab
  artifactKey: Guid(15f2f61c86005324ab3630e8b1ba2747) Importer(815301076,1909f56bfc062723c751e8b465ee728b)
Start importing Assets/Proxy Games/Low Poly Free Vegetation Kit/Prefabs/Vegetation/Plant 1.prefab using Guid(15f2f61c86005324ab3630e8b1ba2747) Importer(815301076,1909f56bfc062723c751e8b465ee728b)  -> (artifact id: '8d5174c7eb9c9d449f7b505320057df6') in 0.171538 seconds
Number of updated asset objects reloaded before import = 0
Number of asset objects unloaded after import = 9
========================================================================
Received Import Request.
  Time since last request: 0.000016 seconds.
  path: Assets/Proxy Games/Low Poly Free Vegetation Kit/Prefabs/Vegetation/Stump 2.prefab
  artifactKey: Guid(89c243b5404a4554985c1d903093fa00) Importer(815301076,1909f56bfc062723c751e8b465ee728b)
Start importing Assets/Proxy Games/Low Poly Free Vegetation Kit/Prefabs/Vegetation/Stump 2.prefab using Guid(89c243b5404a4554985c1d903093fa00) Importer(815301076,1909f56bfc062723c751e8b465ee728b)  -> (artifact id: '2e85f8c16309e9f94317c3a7b6d506dd') in 0.019645 seconds
Number of updated asset objects reloaded before import = 0
Number of asset objects unloaded after import = 10
========================================================================
Received Import Request.
  Time since last request: 0.000017 seconds.
  path: Assets/Proxy Games/Low Poly Free Vegetation Kit/Prefabs/Vegetation/Tree 3.prefab
  artifactKey: Guid(ab1a291faed69db41860cdd7b273c28d) Importer(815301076,1909f56bfc062723c751e8b465ee728b)
Start importing Assets/Proxy Games/Low Poly Free Vegetation Kit/Prefabs/Vegetation/Tree 3.prefab using Guid(ab1a291faed69db41860cdd7b273c28d) Importer(815301076,1909f56bfc062723c751e8b465ee728b)  -> (artifact id: '36b0cd04366f7ec5226c3a6cb0e6d61c') in 0.028048 seconds
Number of updated asset objects reloaded before import = 0
Number of asset objects unloaded after import = 12
========================================================================
Received Import Request.
  Time since last request: 0.000032 seconds.
  path: Assets/Proxy Games/Low Poly Free Vegetation Kit/Prefabs/Vegetation/Tree 1.prefab
  artifactKey: Guid(06573cc19fb2e4a479092a9b4687b26c) Importer(815301076,1909f56bfc062723c751e8b465ee728b)
Start importing Assets/Proxy Games/Low Poly Free Vegetation Kit/Prefabs/Vegetation/Tree 1.prefab using Guid(06573cc19fb2e4a479092a9b4687b26c) Importer(815301076,1909f56bfc062723c751e8b465ee728b)  -> (artifact id: '7286509512d868df2f3affc795f1ffaf') in 0.017109 seconds
Number of updated asset objects reloaded before import = 0
Number of asset objects unloaded after import = 12
========================================================================
Received Import Request.
  Time since last request: 5.354864 seconds.
  path: Assets/Proxy Games/Low Poly Free Vegetation Kit/Prefabs/Terrains/Big Terrain 2.prefab
  artifactKey: Guid(f4c1cfcd374469748b29ecb93e8a8761) Importer(815301076,1909f56bfc062723c751e8b465ee728b)
Start importing Assets/Proxy Games/Low Poly Free Vegetation Kit/Prefabs/Terrains/Big Terrain 2.prefab using Guid(f4c1cfcd374469748b29ecb93e8a8761) Importer(815301076,1909f56bfc062723c751e8b465ee728b)  -> (artifact id: 'ff760401c691b0327930eb9fe2427e99') in 0.015263 seconds
Number of updated asset objects reloaded before import = 0
Number of asset objects unloaded after import = 10
========================================================================
Received Import Request.
  Time since last request: 0.004676 seconds.
  path: Assets/Proxy Games/Low Poly Free Vegetation Kit/Prefabs/Terrains/Big Terrain 5.prefab
  artifactKey: Guid(96e5bec91bac05948b08ef2214e0f074) Importer(815301076,1909f56bfc062723c751e8b465ee728b)
Start importing Assets/Proxy Games/Low Poly Free Vegetation Kit/Prefabs/Terrains/Big Terrain 5.prefab using Guid(96e5bec91bac05948b08ef2214e0f074) Importer(815301076,1909f56bfc062723c751e8b465ee728b)  -> (artifact id: '1e036a9d9ad24bed7e393d75d440d407') in 0.012205 seconds
Number of updated asset objects reloaded before import = 0
Number of asset objects unloaded after import = 10
========================================================================
Received Import Request.
  Time since last request: 0.005653 seconds.
  path: Assets/Proxy Games/Low Poly Free Vegetation Kit/Prefabs/Terrains/Small Terrrain 3.prefab
  artifactKey: Guid(40f6e5148a18e26439d44d5b54624465) Importer(815301076,1909f56bfc062723c751e8b465ee728b)
Start importing Assets/Proxy Games/Low Poly Free Vegetation Kit/Prefabs/Terrains/Small Terrrain 3.prefab using Guid(40f6e5148a18e26439d44d5b54624465) Importer(815301076,1909f56bfc062723c751e8b465ee728b)  -> (artifact id: 'b613ccbf9c03888b4f05fa7a79a28db5') in 0.011894 seconds
Number of updated asset objects reloaded before import = 0
Number of asset objects unloaded after import = 10
========================================================================
Received Import Request.
  Time since last request: 0.005224 seconds.
  path: Assets/Proxy Games/Low Poly Free Vegetation Kit/Prefabs/Terrains/Terrain 1.prefab
  artifactKey: Guid(3b8d04aad36504b419b3c68d9fcf7c20) Importer(815301076,1909f56bfc062723c751e8b465ee728b)
Start importing Assets/Proxy Games/Low Poly Free Vegetation Kit/Prefabs/Terrains/Terrain 1.prefab using Guid(3b8d04aad36504b419b3c68d9fcf7c20) Importer(815301076,1909f56bfc062723c751e8b465ee728b)  -> (artifact id: '0977947f16de65129d204271a1cb1dd3') in 0.013044 seconds
Number of updated asset objects reloaded before import = 0
Number of asset objects unloaded after import = 10
========================================================================
Received Import Request.
  Time since last request: 0.004180 seconds.
  path: Assets/Proxy Games/Low Poly Free Vegetation Kit/Prefabs/Terrains/Terrain 4.prefab
  artifactKey: Guid(95825788e37296d41afedaf1f2acc1b9) Importer(815301076,1909f56bfc062723c751e8b465ee728b)
Start importing Assets/Proxy Games/Low Poly Free Vegetation Kit/Prefabs/Terrains/Terrain 4.prefab using Guid(95825788e37296d41afedaf1f2acc1b9) Importer(815301076,1909f56bfc062723c751e8b465ee728b)  -> (artifact id: '565a176167fbdc77fdb1176701f4813a') in 0.013457 seconds
Number of updated asset objects reloaded before import = 0
Number of asset objects unloaded after import = 10
========================================================================
Received Import Request.
  Time since last request: 114.424515 seconds.
  path: Assets/XR/XRGeneralSettingsPerBuildTarget.asset
  artifactKey: Guid(9d82f0c3e1106ec48817770e0edf5511) Importer(815301076,1909f56bfc062723c751e8b465ee728b)
Start importing Assets/XR/XRGeneralSettingsPerBuildTarget.asset using Guid(9d82f0c3e1106ec48817770e0edf5511) Importer(815301076,1909f56bfc062723c751e8b465ee728b)  -> (artifact id: '69e514f156767d407a1c91a40cf60181') in 0.018670 seconds
Number of updated asset objects reloaded before import = 0
Number of asset objects unloaded after import = 6
========================================================================
Received Import Request.
  Time since last request: 3.599750 seconds.
  path: Assets/JC_StylizedRocks_Lite/Models/SM_Rocks_01.fbx
  artifactKey: Guid(b138cb6e6d9cbd345888c83d724eac17) Importer(815301076,1909f56bfc062723c751e8b465ee728b)
Start importing Assets/JC_StylizedRocks_Lite/Models/SM_Rocks_01.fbx using Guid(b138cb6e6d9cbd345888c83d724eac17) Importer(815301076,1909f56bfc062723c751e8b465ee728b)  -> (artifact id: '0183dbed846fca7c57784d484ae30c38') in 0.034586 seconds
Number of updated asset objects reloaded before import = 0
Number of asset objects unloaded after import = 7
========================================================================
Received Import Request.
  Time since last request: 0.000024 seconds.
  path: Assets/JC_StylizedRocks_Lite/Models/SM_Rocks_05.fbx
  artifactKey: Guid(feca77a69003e5e44b60b633092f9d00) Importer(815301076,1909f56bfc062723c751e8b465ee728b)
Start importing Assets/JC_StylizedRocks_Lite/Models/SM_Rocks_05.fbx using Guid(feca77a69003e5e44b60b633092f9d00) Importer(815301076,1909f56bfc062723c751e8b465ee728b)  -> (artifact id: '04fd6faab10de691a5b5d7e3ba041a6b') in 0.019424 seconds
Number of updated asset objects reloaded before import = 0
Number of asset objects unloaded after import = 7
Editor requested this worker to shutdown with reason: Scaling down because of idle timeout
TcpMessagingSession - receive error: operation aborted. errorcode: 995, details: The I/O operation has been aborted because of either a thread exit or an application request.
AssetImportWorker is now disconnected from the server
Process exiting
Exiting without the bug reporter. Application will terminate with return code 0