Using pre-set license
Built from '2022.3/staging' branch; Version is '2022.3.16f1 (d2c21f0ef2f1) revision 13812255'; Using compiler version '192829333'; Build Type 'Release'
OS: 'Windows 10  (10.0.19045) 64bit Enterprise' Language: 'en' Physical Memory: 32489 MB
BatchMode: 1, IsHumanControllingUs: 0, StartBugReporterOnCrash: 0, Is64bit: 1, IsPro: 1

COMMAND LINE ARGUMENTS:
C:\Program Files\Unity 2022.3.16f1\Editor\Unity.exe
-adb2
-batchMode
-noUpm
-name
AssetImportWorker10
-projectPath
C:/Users/aconn008/G395_u/Seaweed-Farming/Seaweed Farming
-logFile
Logs/AssetImportWorker10.log
-srvPort
52001
Successfully changed project path to: C:/Users/aconn008/G395_u/Seaweed-Farming/Seaweed Farming
C:/Users/aconn008/G395_u/Seaweed-Farming/Seaweed Farming
[UnityMemory] Configuration Parameters - Can be set up in boot.config
    "memorysetup-bucket-allocator-granularity=16"
    "memorysetup-bucket-allocator-bucket-count=8"
    "memorysetup-bucket-allocator-block-size=33554432"
    "memorysetup-bucket-allocator-block-count=8"
    "memorysetup-main-allocator-block-size=16777216"
    "memorysetup-thread-allocator-block-size=16777216"
    "memorysetup-gfx-main-allocator-block-size=16777216"
    "memorysetup-gfx-thread-allocator-block-size=16777216"
    "memorysetup-cache-allocator-block-size=4194304"
    "memorysetup-typetree-allocator-block-size=2097152"
    "memorysetup-profiler-bucket-allocator-granularity=16"
    "memorysetup-profiler-bucket-allocator-bucket-count=8"
    "memorysetup-profiler-bucket-allocator-block-size=33554432"
    "memorysetup-profiler-bucket-allocator-block-count=8"
    "memorysetup-profiler-allocator-block-size=16777216"
    "memorysetup-profiler-editor-allocator-block-size=1048576"
    "memorysetup-temp-allocator-size-main=16777216"
    "memorysetup-job-temp-allocator-block-size=2097152"
    "memorysetup-job-temp-allocator-block-size-background=1048576"
    "memorysetup-job-temp-allocator-reduction-small-platforms=262144"
    "memorysetup-allocator-temp-initial-block-size-main=262144"
    "memorysetup-allocator-temp-initial-block-size-worker=262144"
    "memorysetup-temp-allocator-size-background-worker=32768"
    "memorysetup-temp-allocator-size-job-worker=262144"
    "memorysetup-temp-allocator-size-preload-manager=33554432"
    "memorysetup-temp-allocator-size-nav-mesh-worker=65536"
    "memorysetup-temp-allocator-size-audio-worker=65536"
    "memorysetup-temp-allocator-size-cloud-worker=32768"
    "memorysetup-temp-allocator-size-gi-baking-worker=262144"
    "memorysetup-temp-allocator-size-gfx=262144"
Player connection [5612] Host "[IP] 192.168.167.127 [Port] 0 [Flags] 2 [Guid] 2778677704 [EditorId] 2778677704 [Version] 1048832 [Id] WindowsEditor(7,ODU-130702) [Debug] 1 [PackageName] WindowsEditor [ProjectName] Editor" joined multi-casting on [225.0.0.222:54997]...

Player connection [5612] Host "[IP] 192.168.167.127 [Port] 0 [Flags] 2 [Guid] 2778677704 [EditorId] 2778677704 [Version] 1048832 [Id] WindowsEditor(7,ODU-130702) [Debug] 1 [PackageName] WindowsEditor [ProjectName] Editor" joined alternative multi-casting on [225.0.0.222:34997]...

[Physics::Module] Initialized MultithreadedJobDispatcher with 15 workers.
Refreshing native plugins compatible for Editor in 16.84 ms, found 12 plugins.
Preloading 1 native plugins for Editor in 0.40 ms.
Initialize engine version: 2022.3.16f1 (d2c21f0ef2f1)
[Subsystems] Discovering subsystems at path C:/Program Files/Unity 2022.3.16f1/Editor/Data/Resources/UnitySubsystems
[Subsystems] Discovering subsystems at path C:/Users/aconn008/G395_u/Seaweed-Farming/Seaweed Farming/Assets
GfxDevice: creating device client; threaded=0; jobified=0
Direct3D:
    Version:  Direct3D 11.0 [level 11.1]
    Renderer: AMD Radeon Pro W5500 (ID=0x7341)
    Vendor:   ATI
    VRAM:     8151 MB
    Driver:   31.0.12016.9
Initialize mono
Mono path[0] = 'C:/Program Files/Unity 2022.3.16f1/Editor/Data/Managed'
Mono path[1] = 'C:/Program Files/Unity 2022.3.16f1/Editor/Data/MonoBleedingEdge/lib/mono/unityjit-win32'
Mono config path = 'C:/Program Files/Unity 2022.3.16f1/Editor/Data/MonoBleedingEdge/etc'
Using monoOptions --debugger-agent=transport=dt_socket,embedding=1,server=y,suspend=n,address=127.0.0.1:56484
Begin MonoManager ReloadAssembly
Registering precompiled unity dll's ...
Register platform support module: C:/Program Files/Unity 2022.3.16f1/Editor/Data/PlaybackEngines/WindowsStandaloneSupport/UnityEditor.WindowsStandalone.Extensions.dll
Registered in 0.004027 seconds.
- Loaded All Assemblies, in  0.228 seconds
Native extension for WindowsStandalone target not found
Mono: successfully reloaded assembly
- Finished resetting the current domain, in  0.189 seconds
Domain Reload Profiling: 416ms
	BeginReloadAssembly (75ms)
		ExecutionOrderSort (0ms)
		DisableScriptedObjects (0ms)
		BackupInstance (0ms)
		ReleaseScriptingObjects (0ms)
		CreateAndSetChildDomain (1ms)
	RebuildCommonClasses (23ms)
	RebuildNativeTypeToScriptingClass (7ms)
	initialDomainReloadingComplete (37ms)
	LoadAllAssembliesAndSetupDomain (86ms)
		LoadAssemblies (74ms)
		RebuildTransferFunctionScriptingTraits (0ms)
		AnalyzeDomain (84ms)
			TypeCache.Refresh (83ms)
				TypeCache.ScanAssembly (75ms)
			ScanForSourceGeneratedMonoScriptInfo (0ms)
			ResolveRequiredComponents (0ms)
	FinalizeReload (189ms)
		ReleaseScriptCaches (0ms)
		RebuildScriptCaches (0ms)
		SetupLoadedEditorAssemblies (148ms)
			LogAssemblyErrors (0ms)
			InitializePlatformSupportModulesInManaged (6ms)
			SetLoadedEditorAssemblies (6ms)
			RefreshPlugins (0ms)
			BeforeProcessingInitializeOnLoad (1ms)
			ProcessInitializeOnLoadAttributes (104ms)
			ProcessInitializeOnLoadMethodAttributes (31ms)
			AfterProcessingInitializeOnLoad (0ms)
			EditorAssembliesLoaded (0ms)
		ExecutionOrderSort2 (0ms)
		AwakeInstancesAfterBackupRestoration (0ms)
========================================================================
Worker process is ready to serve import requests
Begin MonoManager ReloadAssembly
- Loaded All Assemblies, in  0.457 seconds
Refreshing native plugins compatible for Editor in 12.53 ms, found 12 plugins.
Native extension for WindowsStandalone target not found
Package Manager log level set to [2]
[Package Manager] Server::EnsureServerProcessIsRunning -- launch failed, reason: Unity was launched with the -noUpm command-line argument
[Package Manager] UpmClient::Send -- Unable to send message (not connected to UPM process).
[Package Manager] Cannot connect to Unity Package Manager local server
[Package Manager] Server::EnsureServerProcessIsRunning -- launch failed, reason: Unity was launched with the -noUpm command-line argument
[Package Manager] UpmClient::Send -- Unable to send message (not connected to UPM process).
[Package Manager] Cannot connect to Unity Package Manager local server
System.Reflection.TargetInvocationException: Exception has been thrown by the target of an invocation. ---> System.NullReferenceException: Object reference not set to an instance of an object
  at Unity.XR.Oculus.OculusLoader.AssetPathToAbsolutePath (System.String assetPath) [0x0003d] in .\Library\PackageCache\com.unity.xr.oculus@4.1.2\Runtime\OculusLoader.cs:287 
  at Unity.XR.Oculus.OculusLoader.EditorLoadOVRPlugin () [0x00084] in .\Library\PackageCache\com.unity.xr.oculus@4.1.2\Runtime\OculusLoader.cs:272 
  at (wrapper managed-to-native) System.Reflection.RuntimeMethodInfo.InternalInvoke(System.Reflection.RuntimeMethodInfo,object,object[],System.Exception&)
  at System.Reflection.RuntimeMethodInfo.Invoke (System.Object obj, System.Reflection.BindingFlags invokeAttr, System.Reflection.Binder binder, System.Object[] parameters, System.Globalization.CultureInfo culture) [0x0006a] in <17d9ce77f27a4bd2afb5ba32c9bea976>:0 
   --- End of inner exception stack trace ---
  at System.Reflection.RuntimeMethodInfo.Invoke (System.Object obj, System.Reflection.BindingFlags invokeAttr, System.Reflection.Binder binder, System.Object[] parameters, System.Globalization.CultureInfo culture) [0x00083] in <17d9ce77f27a4bd2afb5ba32c9bea976>:0 
  at System.Reflection.MethodBase.Invoke (System.Object obj, System.Object[] parameters) [0x00000] in <17d9ce77f27a4bd2afb5ba32c9bea976>:0 
  at UnityEditor.EditorAssemblies.ProcessInitializeOnLoadMethodAttributes () [0x000a5] in <78fe3e0b66cf40fc8dbec96aa3584483>:0 
UnityEngine.StackTraceUtility:ExtractStackTrace ()
UnityEngine.DebugLogHandler:LogFormat (UnityEngine.LogType,UnityEngine.Object,string,object[])
UnityEngine.Logger:Log (UnityEngine.LogType,object)
UnityEngine.Debug:LogError (object)
UnityEditor.EditorAssemblies:ProcessInitializeOnLoadMethodAttributes ()

Mono: successfully reloaded assembly
[Package Manager] Server::EnsureServerProcessIsRunning -- launch failed, reason: Unity was launched with the -noUpm command-line argument
[Package Manager] UpmClient::Send -- Unable to send message (not connected to UPM process).
[Package Manager] Cannot connect to Unity Package Manager local server
[Package Manager] Server::EnsureServerProcessIsRunning -- launch failed, reason: Unity was launched with the -noUpm command-line argument
[Package Manager] UpmClient::Send -- Unable to send message (not connected to UPM process).
[Package Manager] Cannot connect to Unity Package Manager local server
- Finished resetting the current domain, in  0.464 seconds
Domain Reload Profiling: 919ms
	BeginReloadAssembly (101ms)
		ExecutionOrderSort (0ms)
		DisableScriptedObjects (4ms)
		BackupInstance (0ms)
		ReleaseScriptingObjects (0ms)
		CreateAndSetChildDomain (15ms)
	RebuildCommonClasses (21ms)
	RebuildNativeTypeToScriptingClass (7ms)
	initialDomainReloadingComplete (31ms)
	LoadAllAssembliesAndSetupDomain (295ms)
		LoadAssemblies (219ms)
		RebuildTransferFunctionScriptingTraits (0ms)
		AnalyzeDomain (135ms)
			TypeCache.Refresh (115ms)
				TypeCache.ScanAssembly (103ms)
			ScanForSourceGeneratedMonoScriptInfo (15ms)
			ResolveRequiredComponents (4ms)
	FinalizeReload (464ms)
		ReleaseScriptCaches (0ms)
		RebuildScriptCaches (0ms)
		SetupLoadedEditorAssemblies (354ms)
			LogAssemblyErrors (0ms)
			InitializePlatformSupportModulesInManaged (4ms)
			SetLoadedEditorAssemblies (2ms)
			RefreshPlugins (0ms)
			BeforeProcessingInitializeOnLoad (49ms)
			ProcessInitializeOnLoadAttributes (254ms)
			ProcessInitializeOnLoadMethodAttributes (40ms)
			AfterProcessingInitializeOnLoad (4ms)
			EditorAssembliesLoaded (0ms)
		ExecutionOrderSort2 (0ms)
		AwakeInstancesAfterBackupRestoration (4ms)
Launched and connected shader compiler UnityShaderCompiler.exe after 0.03 seconds
Refreshing native plugins compatible for Editor in 10.53 ms, found 12 plugins.
Preloading 1 native plugins for Editor in 0.05 ms.
Unloading 4517 Unused Serialized files (Serialized files now loaded: 0)
Unloading 90 unused Assets / (0.8 MB). Loaded Objects now: 4995.
Memory consumption went from 177.8 MB to 177.0 MB.
Total: 2.921200 ms (FindLiveObjects: 0.251100 ms CreateObjectMapping: 0.129200 ms MarkObjects: 2.277200 ms  DeleteObjects: 0.262700 ms)

AssetImportParameters requested are different than current active one (requested -> active):
  custom:container-demuxer-ogg: 62fdf1f143b41e24485cea50d1cbac27 -> 
  custom:video-decoder-ogg-theora: a1e56fd34408186e4bbccfd4996cb3dc -> 
  custom:framework-win-MediaFoundation: 216162199b28c13a410421893ffa2e32 -> 
  custom:CustomObjectIndexerAttribute: 43b350a4d6e6d1791af0b5038c4bea17 -> 
  custom:container-demuxer-webm: 4f35f7cbe854078d1ac9338744f61a02 -> 
  custom:container-muxer-webm: aa71ff27fc2769a1b78a27578f13a17b -> 
  custom:video-decoder-webm-vp8: 9c59270c3fd7afecdb556c50c9e8de78 -> 
  custom:SearchIndexIgnoredProperties: e643bd26f0fe6173181afceb89e7c659 -> 
  custom:AudioImporter_EditorPlatform: d09bf68614088b80899f8185d706f6e7 -> 
  custom:video-encoder-webm-vp8: eb34c28f22e8b96e1ab97ce403110664 -> 
  custom:audio-decoder-ogg-vorbis: bf7c407c2cedff20999df2af8eb42d56 -> 
  custom:audio-encoder-webm-vorbis: bf7c407c2cedff20999df2af8eb42d56 -> 
========================================================================
Received Import Request.
  Time since last request: 1261226.461805 seconds.
  path: Assets/LowPoly Environment Pack/FBX/Materials/Yellow.4.mat
  artifactKey: Guid(779672b87a6027e4fb52bd5c47f2c110) Importer(815301076,1909f56bfc062723c751e8b465ee728b)
Start importing Assets/LowPoly Environment Pack/FBX/Materials/Yellow.4.mat using Guid(779672b87a6027e4fb52bd5c47f2c110) Importer(815301076,1909f56bfc062723c751e8b465ee728b)  -> (artifact id: '6bd59e07f95069f686ffc49bfc285625') in 0.098744 seconds
Number of updated asset objects reloaded before import = 0
Number of asset objects unloaded after import = 1
========================================================================
Received Import Request.
  Time since last request: 0.000031 seconds.
  path: Assets/LowPoly Environment Pack/FBX/Materials/Yellow.1.mat
  artifactKey: Guid(a13e4ebaa5a967d44b6836ec8e9e2f89) Importer(815301076,1909f56bfc062723c751e8b465ee728b)
Start importing Assets/LowPoly Environment Pack/FBX/Materials/Yellow.1.mat using Guid(a13e4ebaa5a967d44b6836ec8e9e2f89) Importer(815301076,1909f56bfc062723c751e8b465ee728b)  -> (artifact id: 'b8901f4bf3475623030a3bd7dfe6f13c') in 0.013002 seconds
Number of updated asset objects reloaded before import = 0
Number of asset objects unloaded after import = 1
========================================================================
Received Import Request.
  Time since last request: 2.250522 seconds.
  path: Assets/Proxy Games/Low Poly Free Vegetation Kit/Materials/Color Pallet.mat
  artifactKey: Guid(b725cacc7387b1f4e991c4bdfcd832c8) Importer(815301076,1909f56bfc062723c751e8b465ee728b)
Start importing Assets/Proxy Games/Low Poly Free Vegetation Kit/Materials/Color Pallet.mat using Guid(b725cacc7387b1f4e991c4bdfcd832c8) Importer(815301076,1909f56bfc062723c751e8b465ee728b)  -> (artifact id: '7f08ceae3cac0e715fad9fc8eb020d47') in 0.018008 seconds
Number of updated asset objects reloaded before import = 0
Number of asset objects unloaded after import = 2
========================================================================
Received Import Request.
  Time since last request: 0.000019 seconds.
  path: Assets/Proxy Games/Low Poly Free Vegetation Kit/Materials/Plant Leaf.mat
  artifactKey: Guid(fc92c30a2942a8944a1b15140e3f9cc5) Importer(815301076,1909f56bfc062723c751e8b465ee728b)
Start importing Assets/Proxy Games/Low Poly Free Vegetation Kit/Materials/Plant Leaf.mat using Guid(fc92c30a2942a8944a1b15140e3f9cc5) Importer(815301076,1909f56bfc062723c751e8b465ee728b)  -> (artifact id: '929d7a99494e98bb2548e40c0a0027eb') in 0.020261 seconds
Number of updated asset objects reloaded before import = 0
Number of asset objects unloaded after import = 2
========================================================================
Received Import Request.
  Time since last request: 0.000021 seconds.
  path: Assets/Proxy Games/Low Poly Free Vegetation Kit/Materials/Plane.mat
  artifactKey: Guid(bf347159a764ca24981a4a8fdde2dcec) Importer(815301076,1909f56bfc062723c751e8b465ee728b)
Start importing Assets/Proxy Games/Low Poly Free Vegetation Kit/Materials/Plane.mat using Guid(bf347159a764ca24981a4a8fdde2dcec) Importer(815301076,1909f56bfc062723c751e8b465ee728b)  -> (artifact id: 'ab4b7046c9f5d5d819181ab8cb0fe9fe') in 0.012785 seconds
Number of updated asset objects reloaded before import = 0
Number of asset objects unloaded after import = 1
========================================================================
Received Import Request.
  Time since last request: 11.740800 seconds.
  path: Assets/Flooded_Grounds/Prefabs/Backgrounds/BGR_Factory_B.prefab
  artifactKey: Guid(6af6d0b9ef2bca54cb04f979d921648d) Importer(815301076,1909f56bfc062723c751e8b465ee728b)
Start importing Assets/Flooded_Grounds/Prefabs/Backgrounds/BGR_Factory_B.prefab using Guid(6af6d0b9ef2bca54cb04f979d921648d) Importer(815301076,1909f56bfc062723c751e8b465ee728b)  -> (artifact id: '30eedcd015869ac929da60bb3dccfdd1') in 0.111560 seconds
Number of updated asset objects reloaded before import = 0
Number of asset objects unloaded after import = 14
========================================================================
Received Import Request.
  Time since last request: 1.717062 seconds.
  path: Assets/Flooded_Grounds/Prefabs/Atmospherics/ATM_Leaves_A.prefab
  artifactKey: Guid(0d4dd2e060f00094f90a86962c2a13a4) Importer(815301076,1909f56bfc062723c751e8b465ee728b)
Start importing Assets/Flooded_Grounds/Prefabs/Atmospherics/ATM_Leaves_A.prefab using Guid(0d4dd2e060f00094f90a86962c2a13a4) Importer(815301076,1909f56bfc062723c751e8b465ee728b)  -> (artifact id: 'bb74531e3a246a6192f4988c4001700c') in 0.061631 seconds
Number of updated asset objects reloaded before import = 0
Number of asset objects unloaded after import = 8
========================================================================
Received Import Request.
  Time since last request: 25.175280 seconds.
  path: Assets/Flooded_Grounds/Content/Textures/PROP_FlyingSaucer1_AO.tif
  artifactKey: Guid(b0c724f0563e87b42b5f855fef070282) Importer(815301076,1909f56bfc062723c751e8b465ee728b)
Start importing Assets/Flooded_Grounds/Content/Textures/PROP_FlyingSaucer1_AO.tif using Guid(b0c724f0563e87b42b5f855fef070282) Importer(815301076,1909f56bfc062723c751e8b465ee728b)  -> (artifact id: '37c2556060ac46308d85d610af5b0a30') in 0.026337 seconds
Number of updated asset objects reloaded before import = 0
Number of asset objects unloaded after import = 2
========================================================================
Received Import Request.
  Time since last request: 6.716923 seconds.
  path: Assets/Flooded_Grounds/Prefabs/Helpers/_BLOCKERCUBE.prefab
  artifactKey: Guid(4884e3768e9a2544a85d07afad356d87) Importer(815301076,1909f56bfc062723c751e8b465ee728b)
Start importing Assets/Flooded_Grounds/Prefabs/Helpers/_BLOCKERCUBE.prefab using Guid(4884e3768e9a2544a85d07afad356d87) Importer(815301076,1909f56bfc062723c751e8b465ee728b)  -> (artifact id: 'fe08742af5433ae3ddf062c04f4e9c05') in 0.016611 seconds
Number of updated asset objects reloaded before import = 0
Number of asset objects unloaded after import = 11
========================================================================
Received Import Request.
  Time since last request: 0.000022 seconds.
  path: Assets/Flooded_Grounds/Prefabs/Buildings/Barns/Barn1_End_A.prefab
  artifactKey: Guid(34479af8d2d94b4409152dbf18a964ea) Importer(815301076,1909f56bfc062723c751e8b465ee728b)
Start importing Assets/Flooded_Grounds/Prefabs/Buildings/Barns/Barn1_End_A.prefab using Guid(34479af8d2d94b4409152dbf18a964ea) Importer(815301076,1909f56bfc062723c751e8b465ee728b)  -> (artifact id: '0f3d8754dbc4718a70f77ac754677b0e') in 0.072003 seconds
Number of updated asset objects reloaded before import = 0
Number of asset objects unloaded after import = 18
========================================================================
Received Import Request.
  Time since last request: 0.000024 seconds.
  path: Assets/Flooded_Grounds/Prefabs/Buildings/Barns/Barn1_Mid_A.prefab
  artifactKey: Guid(cd244ec18c5216249a6ae8df087ef34d) Importer(815301076,1909f56bfc062723c751e8b465ee728b)
Start importing Assets/Flooded_Grounds/Prefabs/Buildings/Barns/Barn1_Mid_A.prefab using Guid(cd244ec18c5216249a6ae8df087ef34d) Importer(815301076,1909f56bfc062723c751e8b465ee728b)  -> (artifact id: '69f80b060dffb20d8082a43e03688339') in 0.053976 seconds
Number of updated asset objects reloaded before import = 0
Number of asset objects unloaded after import = 18
========================================================================
Received Import Request.
  Time since last request: 0.000052 seconds.
  path: Assets/Flooded_Grounds/Content/Meshes/mBuildings/mBarns/Barn2_Door_A.fbx
  artifactKey: Guid(ddc0349957ea98f47befefad50fa7adf) Importer(815301076,1909f56bfc062723c751e8b465ee728b)
Start importing Assets/Flooded_Grounds/Content/Meshes/mBuildings/mBarns/Barn2_Door_A.fbx using Guid(ddc0349957ea98f47befefad50fa7adf) Importer(815301076,1909f56bfc062723c751e8b465ee728b)  -> (artifact id: '6ad13dd00675c2cecb95147bdc823c9a') in 0.031641 seconds
Number of updated asset objects reloaded before import = 0
Number of asset objects unloaded after import = 7
========================================================================
Received Import Request.
  Time since last request: 0.000018 seconds.
  path: Assets/Flooded_Grounds/Content/Meshes/mBuildings/mBarns/Barn2_Mid_A_COL.fbx
  artifactKey: Guid(058f562e193661448b5f60c4b1c8046e) Importer(815301076,1909f56bfc062723c751e8b465ee728b)
Start importing Assets/Flooded_Grounds/Content/Meshes/mBuildings/mBarns/Barn2_Mid_A_COL.fbx using Guid(058f562e193661448b5f60c4b1c8046e) Importer(815301076,1909f56bfc062723c751e8b465ee728b)  -> (artifact id: 'e628214591265406806988bd64c14414') in 0.016720 seconds
Number of updated asset objects reloaded before import = 0
Number of asset objects unloaded after import = 7
========================================================================
Received Import Request.
  Time since last request: 0.000020 seconds.
  path: Assets/Flooded_Grounds/Content/Meshes/mBuildings/mBarns/Barn1_End_B_COL.fbx
  artifactKey: Guid(19fcdc837dbc1c84f89a2780f00dcd99) Importer(815301076,1909f56bfc062723c751e8b465ee728b)
Start importing Assets/Flooded_Grounds/Content/Meshes/mBuildings/mBarns/Barn1_End_B_COL.fbx using Guid(19fcdc837dbc1c84f89a2780f00dcd99) Importer(815301076,1909f56bfc062723c751e8b465ee728b)  -> (artifact id: '36c85a0c0fe0c0dfcc753e0f13bb969e') in 0.018347 seconds
Number of updated asset objects reloaded before import = 0
Number of asset objects unloaded after import = 7
========================================================================
Received Import Request.
  Time since last request: 0.000016 seconds.
  path: Assets/Flooded_Grounds/Prefabs/Buildings/Barns/Barn2_Door_A.prefab
  artifactKey: Guid(c3eadb1639d503b45a6e0e4d8fd2e39a) Importer(815301076,1909f56bfc062723c751e8b465ee728b)
Start importing Assets/Flooded_Grounds/Prefabs/Buildings/Barns/Barn2_Door_A.prefab using Guid(c3eadb1639d503b45a6e0e4d8fd2e39a) Importer(815301076,1909f56bfc062723c751e8b465ee728b)  -> (artifact id: '51f1372bd4cd3da1a6d928179e3ed896') in 0.035540 seconds
Number of updated asset objects reloaded before import = 0
Number of asset objects unloaded after import = 17
========================================================================
Received Import Request.
  Time since last request: 0.040666 seconds.
  path: Assets/Flooded_Grounds/Content/Textures/PROP_ParkBench1_AO.tif
  artifactKey: Guid(b0f9b1499ecb1024894eb8218f737471) Importer(815301076,1909f56bfc062723c751e8b465ee728b)
Start importing Assets/Flooded_Grounds/Content/Textures/PROP_ParkBench1_AO.tif using Guid(b0f9b1499ecb1024894eb8218f737471) Importer(815301076,1909f56bfc062723c751e8b465ee728b)  -> (artifact id: 'f49204572d79e10b7604920dd7aec70c') in 0.018343 seconds
Number of updated asset objects reloaded before import = 0
Number of asset objects unloaded after import = 2
========================================================================
Received Import Request.
  Time since last request: 0.000020 seconds.
  path: Assets/Flooded_Grounds/PostProcessing/Resources/Shaders/UberSecondPass.cginc
  artifactKey: Guid(b6e42614562a56445ba4b5d90301f06f) Importer(815301076,1909f56bfc062723c751e8b465ee728b)
Start importing Assets/Flooded_Grounds/PostProcessing/Resources/Shaders/UberSecondPass.cginc using Guid(b6e42614562a56445ba4b5d90301f06f) Importer(815301076,1909f56bfc062723c751e8b465ee728b)  -> (artifact id: 'c0f5ce5a853224ce3bb00b07dcc49c72') in 0.000986 seconds
Number of updated asset objects reloaded before import = 0
Number of asset objects unloaded after import = 1
========================================================================
Received Import Request.
  Time since last request: 0.000023 seconds.
  path: Assets/Flooded_Grounds/Content/Meshes/mBuildings/mVilla2/Villa2_Deco_Beam_A.fbx
  artifactKey: Guid(a0fa73e6df51a784a9fc348c8822f879) Importer(815301076,1909f56bfc062723c751e8b465ee728b)
Start importing Assets/Flooded_Grounds/Content/Meshes/mBuildings/mVilla2/Villa2_Deco_Beam_A.fbx using Guid(a0fa73e6df51a784a9fc348c8822f879) Importer(815301076,1909f56bfc062723c751e8b465ee728b)  -> (artifact id: '06355c8534687d5819bfcb0c4f316d0e') in 0.018405 seconds
Number of updated asset objects reloaded before import = 0
Number of asset objects unloaded after import = 7
========================================================================
Received Import Request.
  Time since last request: 0.000016 seconds.
  path: Assets/Flooded_Grounds/Content/Meshes/mBuildings/mVilla1/Villa1_Deco_Deco_Beam_A.fbx
  artifactKey: Guid(aff3a4c3ec4f85946aec6f79aa265e8b) Importer(815301076,1909f56bfc062723c751e8b465ee728b)
Start importing Assets/Flooded_Grounds/Content/Meshes/mBuildings/mVilla1/Villa1_Deco_Deco_Beam_A.fbx using Guid(aff3a4c3ec4f85946aec6f79aa265e8b) Importer(815301076,1909f56bfc062723c751e8b465ee728b)  -> (artifact id: '04c376740cca3d9409a8e85e2feafe17') in 0.015959 seconds
Number of updated asset objects reloaded before import = 0
Number of asset objects unloaded after import = 7
========================================================================
Received Import Request.
  Time since last request: 0.000022 seconds.
  path: Assets/Flooded_Grounds/Prefabs/Buildings/Villa2/Villa2_Deco_Beam_A.prefab
  artifactKey: Guid(64c457e5b1dd24947babae9551b67286) Importer(815301076,1909f56bfc062723c751e8b465ee728b)
Start importing Assets/Flooded_Grounds/Prefabs/Buildings/Villa2/Villa2_Deco_Beam_A.prefab using Guid(64c457e5b1dd24947babae9551b67286) Importer(815301076,1909f56bfc062723c751e8b465ee728b)  -> (artifact id: '0217d9e82cd08b95aff419bf71e1e8e5') in 0.036030 seconds
Number of updated asset objects reloaded before import = 0
Number of asset objects unloaded after import = 15
